[2026-04-08T21:53:23.278+0000] {manager.py:470} INFO - Processing files using up to 2 processes at a time 
[2026-04-08T21:53:23.279+0000] {manager.py:471} INFO - Process each file at most once every 30 seconds
[2026-04-08T21:53:23.279+0000] {manager.py:472} INFO - Checking for new files in /opt/airflow/dags every 300 seconds
[2026-04-08T21:53:23.280+0000] {manager.py:737} INFO - Searching for files in /opt/airflow/dags
[2026-04-08T21:53:23.290+0000] {manager.py:740} INFO - There are 0 files in /opt/airflow/dags
[2026-04-08T21:58:23.284+0000] {manager.py:737} INFO - Searching for files in /opt/airflow/dags
[2026-04-08T21:58:23.290+0000] {manager.py:740} INFO - There are 0 files in /opt/airflow/dags
[2026-04-08T22:03:24.255+0000] {manager.py:737} INFO - Searching for files in /opt/airflow/dags
[2026-04-08T22:03:24.261+0000] {manager.py:740} INFO - There are 0 files in /opt/airflow/dags
[2026-04-08T22:08:25.218+0000] {manager.py:737} INFO - Searching for files in /opt/airflow/dags
[2026-04-08T22:08:25.226+0000] {manager.py:740} INFO - There are 0 files in /opt/airflow/dags
[2026-04-08T22:13:26.183+0000] {manager.py:737} INFO - Searching for files in /opt/airflow/dags
[2026-04-08T22:13:26.189+0000] {manager.py:740} INFO - There are 0 files in /opt/airflow/dags
[2026-04-08T22:18:27.162+0000] {manager.py:737} INFO - Searching for files in /opt/airflow/dags
[2026-04-08T22:18:27.168+0000] {manager.py:740} INFO - There are 0 files in /opt/airflow/dags
[2026-04-08T22:23:28.140+0000] {manager.py:737} INFO - Searching for files in /opt/airflow/dags
[2026-04-08T22:23:28.146+0000] {manager.py:740} INFO - There are 0 files in /opt/airflow/dags
[2026-04-08T22:28:29.097+0000] {manager.py:737} INFO - Searching for files in /opt/airflow/dags
[2026-04-08T22:28:29.104+0000] {manager.py:740} INFO - There are 0 files in /opt/airflow/dags
[2026-04-08T22:33:30.045+0000] {manager.py:737} INFO - Searching for files in /opt/airflow/dags
[2026-04-08T22:33:30.050+0000] {manager.py:740} INFO - There are 0 files in /opt/airflow/dags
[2026-04-08T22:38:31.010+0000] {manager.py:737} INFO - Searching for files in /opt/airflow/dags
[2026-04-08T22:38:31.016+0000] {manager.py:740} INFO - There are 0 files in /opt/airflow/dags
[2026-04-08T22:43:31.962+0000] {manager.py:737} INFO - Searching for files in /opt/airflow/dags
[2026-04-08T22:43:31.968+0000] {manager.py:740} INFO - There are 0 files in /opt/airflow/dags
[2026-04-08T22:48:32.949+0000] {manager.py:737} INFO - Searching for files in /opt/airflow/dags
[2026-04-08T22:48:32.954+0000] {manager.py:740} INFO - There are 0 files in /opt/airflow/dags
[2026-04-08T22:53:33.911+0000] {manager.py:737} INFO - Searching for files in /opt/airflow/dags
[2026-04-08T22:53:33.916+0000] {manager.py:740} INFO - There are 0 files in /opt/airflow/dags
[2026-04-08T22:58:34.888+0000] {manager.py:737} INFO - Searching for files in /opt/airflow/dags
[2026-04-08T22:58:34.894+0000] {manager.py:740} INFO - There are 0 files in /opt/airflow/dags
[2026-04-08T23:03:35.866+0000] {manager.py:737} INFO - Searching for files in /opt/airflow/dags
[2026-04-08T23:03:35.873+0000] {manager.py:740} INFO - There are 0 files in /opt/airflow/dags
[2026-04-08T23:08:36.842+0000] {manager.py:737} INFO - Searching for files in /opt/airflow/dags
[2026-04-08T23:08:36.846+0000] {manager.py:740} INFO - There are 0 files in /opt/airflow/dags
[2026-04-08T23:13:37.811+0000] {manager.py:737} INFO - Searching for files in /opt/airflow/dags
[2026-04-08T23:13:37.815+0000] {manager.py:740} INFO - There are 0 files in /opt/airflow/dags
[2026-04-08T23:18:37.912+0000] {manager.py:737} INFO - Searching for files in /opt/airflow/dags
[2026-04-08T23:18:37.971+0000] {manager.py:740} INFO - There are 0 files in /opt/airflow/dags
[2026-04-08T23:23:38.188+0000] {manager.py:737} INFO - Searching for files in /opt/airflow/dags
[2026-04-08T23:23:38.196+0000] {manager.py:740} INFO - There are 0 files in /opt/airflow/dags
[2026-04-08T23:28:38.475+0000] {manager.py:737} INFO - Searching for files in /opt/airflow/dags
[2026-04-08T23:28:38.480+0000] {manager.py:740} INFO - There are 0 files in /opt/airflow/dags
[2026-04-08T23:33:39.444+0000] {manager.py:737} INFO - Searching for files in /opt/airflow/dags
[2026-04-08T23:33:39.448+0000] {manager.py:740} INFO - There are 0 files in /opt/airflow/dags
[2026-04-08T23:38:40.408+0000] {manager.py:737} INFO - Searching for files in /opt/airflow/dags
[2026-04-08T23:38:40.414+0000] {manager.py:740} INFO - There are 0 files in /opt/airflow/dags
[2026-04-08T23:43:41.373+0000] {manager.py:737} INFO - Searching for files in /opt/airflow/dags
[2026-04-08T23:43:41.379+0000] {manager.py:740} INFO - There are 0 files in /opt/airflow/dags
[2026-04-08T23:48:42.342+0000] {manager.py:737} INFO - Searching for files in /opt/airflow/dags
[2026-04-08T23:48:42.348+0000] {manager.py:740} INFO - There are 0 files in /opt/airflow/dags
[2026-04-08T23:53:43.332+0000] {manager.py:737} INFO - Searching for files in /opt/airflow/dags
[2026-04-08T23:53:43.338+0000] {manager.py:740} INFO - There are 0 files in /opt/airflow/dags
[2026-04-08T23:58:44.300+0000] {manager.py:737} INFO - Searching for files in /opt/airflow/dags
[2026-04-08T23:58:44.305+0000] {manager.py:740} INFO - There are 0 files in /opt/airflow/dags
[2026-04-09T00:03:45.267+0000] {manager.py:737} INFO - Searching for files in /opt/airflow/dags
[2026-04-09T00:03:45.273+0000] {manager.py:740} INFO - There are 0 files in /opt/airflow/dags
[2026-04-09T00:08:46.236+0000] {manager.py:737} INFO - Searching for files in /opt/airflow/dags
[2026-04-09T00:08:46.241+0000] {manager.py:740} INFO - There are 0 files in /opt/airflow/dags
[2026-04-09T00:13:47.222+0000] {manager.py:737} INFO - Searching for files in /opt/airflow/dags
[2026-04-09T00:13:47.231+0000] {manager.py:740} INFO - There are 0 files in /opt/airflow/dags
[2026-04-09T00:18:48.182+0000] {manager.py:737} INFO - Searching for files in /opt/airflow/dags
[2026-04-09T00:18:48.189+0000] {manager.py:740} INFO - There are 0 files in /opt/airflow/dags
[2026-04-09T00:23:48.417+0000] {manager.py:737} INFO - Searching for files in /opt/airflow/dags
[2026-04-09T00:23:48.477+0000] {manager.py:740} INFO - There are 0 files in /opt/airflow/dags
[2026-04-09T00:28:48.663+0000] {manager.py:737} INFO - Searching for files in /opt/airflow/dags
[2026-04-09T00:28:48.674+0000] {manager.py:740} INFO - There are 0 files in /opt/airflow/dags
[2026-04-09T00:33:48.832+0000] {manager.py:737} INFO - Searching for files in /opt/airflow/dags
[2026-04-09T00:33:48.842+0000] {manager.py:740} INFO - There are 0 files in /opt/airflow/dags
[2026-04-09T00:38:48.883+0000] {manager.py:737} INFO - Searching for files in /opt/airflow/dags
[2026-04-09T00:38:48.889+0000] {manager.py:740} INFO - There are 0 files in /opt/airflow/dags
[2026-04-09T00:43:48.930+0000] {manager.py:737} INFO - Searching for files in /opt/airflow/dags
[2026-04-09T00:43:48.939+0000] {manager.py:740} INFO - There are 0 files in /opt/airflow/dags
[2026-04-09T00:48:48.962+0000] {manager.py:737} INFO - Searching for files in /opt/airflow/dags
[2026-04-09T00:48:48.975+0000] {manager.py:740} INFO - There are 0 files in /opt/airflow/dags
[2026-04-09T00:53:49.054+0000] {manager.py:737} INFO - Searching for files in /opt/airflow/dags
[2026-04-09T00:53:49.061+0000] {manager.py:740} INFO - There are 0 files in /opt/airflow/dags
[2026-04-09T00:58:49.131+0000] {manager.py:737} INFO - Searching for files in /opt/airflow/dags
[2026-04-09T00:58:49.137+0000] {manager.py:740} INFO - There are 0 files in /opt/airflow/dags
[2026-04-09T01:03:49.194+0000] {manager.py:737} INFO - Searching for files in /opt/airflow/dags
[2026-04-09T01:03:49.201+0000] {manager.py:740} INFO - There are 0 files in /opt/airflow/dags
[2026-04-09T01:08:49.256+0000] {manager.py:737} INFO - Searching for files in /opt/airflow/dags
[2026-04-09T01:08:49.263+0000] {manager.py:740} INFO - There are 0 files in /opt/airflow/dags
[2026-04-09T01:13:49.282+0000] {manager.py:737} INFO - Searching for files in /opt/airflow/dags
[2026-04-09T01:13:49.291+0000] {manager.py:740} INFO - There are 0 files in /opt/airflow/dags
[2026-04-09T01:18:49.324+0000] {manager.py:737} INFO - Searching for files in /opt/airflow/dags
[2026-04-09T01:18:49.331+0000] {manager.py:740} INFO - There are 0 files in /opt/airflow/dags
[2026-04-09T01:23:49.430+0000] {manager.py:737} INFO - Searching for files in /opt/airflow/dags
[2026-04-09T01:23:49.437+0000] {manager.py:740} INFO - There are 0 files in /opt/airflow/dags
[2026-04-09T01:28:49.465+0000] {manager.py:737} INFO - Searching for files in /opt/airflow/dags
[2026-04-09T01:28:49.472+0000] {manager.py:740} INFO - There are 0 files in /opt/airflow/dags
[2026-04-09T01:33:49.516+0000] {manager.py:737} INFO - Searching for files in /opt/airflow/dags
[2026-04-09T01:33:49.533+0000] {manager.py:740} INFO - There are 0 files in /opt/airflow/dags
[2026-04-09T01:38:49.582+0000] {manager.py:737} INFO - Searching for files in /opt/airflow/dags
[2026-04-09T01:38:49.605+0000] {manager.py:740} INFO - There are 0 files in /opt/airflow/dags
[2026-04-09T01:43:49.628+0000] {manager.py:737} INFO - Searching for files in /opt/airflow/dags
[2026-04-09T01:43:49.635+0000] {manager.py:740} INFO - There are 0 files in /opt/airflow/dags
[2026-04-09T01:48:49.693+0000] {manager.py:737} INFO - Searching for files in /opt/airflow/dags
[2026-04-09T01:48:49.699+0000] {manager.py:740} INFO - There are 0 files in /opt/airflow/dags
[2026-04-09T01:53:49.803+0000] {manager.py:737} INFO - Searching for files in /opt/airflow/dags
[2026-04-09T01:53:49.810+0000] {manager.py:740} INFO - There are 0 files in /opt/airflow/dags
[2026-04-09T01:58:49.868+0000] {manager.py:737} INFO - Searching for files in /opt/airflow/dags
[2026-04-09T01:58:49.875+0000] {manager.py:740} INFO - There are 0 files in /opt/airflow/dags
[2026-04-09T02:03:49.938+0000] {manager.py:737} INFO - Searching for files in /opt/airflow/dags
[2026-04-09T02:03:49.946+0000] {manager.py:740} INFO - There are 0 files in /opt/airflow/dags
[2026-04-09T02:08:50.005+0000] {manager.py:737} INFO - Searching for files in /opt/airflow/dags
[2026-04-09T02:08:50.012+0000] {manager.py:740} INFO - There are 0 files in /opt/airflow/dags
[2026-04-09T02:13:50.067+0000] {manager.py:737} INFO - Searching for files in /opt/airflow/dags
[2026-04-09T02:13:50.075+0000] {manager.py:740} INFO - There are 0 files in /opt/airflow/dags
[2026-04-09T02:18:50.163+0000] {manager.py:737} INFO - Searching for files in /opt/airflow/dags
[2026-04-09T02:18:50.171+0000] {manager.py:740} INFO - There are 0 files in /opt/airflow/dags
[2026-04-09T02:23:50.225+0000] {manager.py:737} INFO - Searching for files in /opt/airflow/dags
[2026-04-09T02:23:50.231+0000] {manager.py:740} INFO - There are 0 files in /opt/airflow/dags
[2026-04-09T02:28:50.228+0000] {manager.py:737} INFO - Searching for files in /opt/airflow/dags
[2026-04-09T02:28:50.235+0000] {manager.py:740} INFO - There are 0 files in /opt/airflow/dags
[2026-04-09T02:33:50.234+0000] {manager.py:737} INFO - Searching for files in /opt/airflow/dags
[2026-04-09T02:33:50.241+0000] {manager.py:740} INFO - There are 0 files in /opt/airflow/dags
[2026-04-09T02:38:50.306+0000] {manager.py:737} INFO - Searching for files in /opt/airflow/dags
[2026-04-09T02:38:50.315+0000] {manager.py:740} INFO - There are 0 files in /opt/airflow/dags
[2026-04-09T02:43:50.348+0000] {manager.py:737} INFO - Searching for files in /opt/airflow/dags
[2026-04-09T02:43:50.354+0000] {manager.py:740} INFO - There are 0 files in /opt/airflow/dags
[2026-04-09T02:48:50.391+0000] {manager.py:737} INFO - Searching for files in /opt/airflow/dags
[2026-04-09T02:48:50.398+0000] {manager.py:740} INFO - There are 0 files in /opt/airflow/dags
[2026-04-09T02:53:50.536+0000] {manager.py:737} INFO - Searching for files in /opt/airflow/dags
[2026-04-09T02:53:50.543+0000] {manager.py:740} INFO - There are 0 files in /opt/airflow/dags
[2026-04-09T02:58:51.510+0000] {manager.py:737} INFO - Searching for files in /opt/airflow/dags
[2026-04-09T02:58:51.515+0000] {manager.py:740} INFO - There are 0 files in /opt/airflow/dags
[2026-04-09T03:03:51.510+0000] {manager.py:737} INFO - Searching for files in /opt/airflow/dags
[2026-04-09T03:03:51.515+0000] {manager.py:740} INFO - There are 0 files in /opt/airflow/dags
[2026-04-09T03:08:52.487+0000] {manager.py:737} INFO - Searching for files in /opt/airflow/dags
[2026-04-09T03:08:52.494+0000] {manager.py:740} INFO - There are 0 files in /opt/airflow/dags
[2026-04-09T03:13:52.493+0000] {manager.py:737} INFO - Searching for files in /opt/airflow/dags
[2026-04-09T03:13:52.497+0000] {manager.py:740} INFO - There are 0 files in /opt/airflow/dags
[2026-04-09T03:18:52.503+0000] {manager.py:737} INFO - Searching for files in /opt/airflow/dags
[2026-04-09T03:18:52.510+0000] {manager.py:740} INFO - There are 0 files in /opt/airflow/dags
[2026-04-09T03:23:52.506+0000] {manager.py:737} INFO - Searching for files in /opt/airflow/dags
[2026-04-09T03:23:52.511+0000] {manager.py:740} INFO - There are 0 files in /opt/airflow/dags
[2026-04-09T03:28:53.506+0000] {manager.py:737} INFO - Searching for files in /opt/airflow/dags
[2026-04-09T03:28:53.511+0000] {manager.py:740} INFO - There are 0 files in /opt/airflow/dags
[2026-04-09T03:33:53.519+0000] {manager.py:737} INFO - Searching for files in /opt/airflow/dags
[2026-04-09T03:33:53.523+0000] {manager.py:740} INFO - There are 0 files in /opt/airflow/dags
[2026-04-09T03:38:53.520+0000] {manager.py:737} INFO - Searching for files in /opt/airflow/dags
[2026-04-09T03:38:53.524+0000] {manager.py:740} INFO - There are 0 files in /opt/airflow/dags
[2026-04-09T03:43:54.505+0000] {manager.py:737} INFO - Searching for files in /opt/airflow/dags
[2026-04-09T03:43:54.512+0000] {manager.py:740} INFO - There are 0 files in /opt/airflow/dags
[2026-04-09T03:48:55.507+0000] {manager.py:737} INFO - Searching for files in /opt/airflow/dags
[2026-04-09T03:48:55.513+0000] {manager.py:740} INFO - There are 0 files in /opt/airflow/dags
[2026-04-09T03:53:55.521+0000] {manager.py:737} INFO - Searching for files in /opt/airflow/dags
[2026-04-09T03:53:55.528+0000] {manager.py:740} INFO - There are 0 files in /opt/airflow/dags
[2026-04-09T03:58:56.522+0000] {manager.py:737} INFO - Searching for files in /opt/airflow/dags
[2026-04-09T03:58:56.526+0000] {manager.py:740} INFO - There are 0 files in /opt/airflow/dags
[2026-04-09T04:03:56.538+0000] {manager.py:737} INFO - Searching for files in /opt/airflow/dags
[2026-04-09T04:03:56.543+0000] {manager.py:740} INFO - There are 0 files in /opt/airflow/dags
[2026-04-09T04:08:56.540+0000] {manager.py:737} INFO - Searching for files in /opt/airflow/dags
[2026-04-09T04:08:56.545+0000] {manager.py:740} INFO - There are 0 files in /opt/airflow/dags
[2026-04-09T04:13:56.540+0000] {manager.py:737} INFO - Searching for files in /opt/airflow/dags
[2026-04-09T04:13:56.545+0000] {manager.py:740} INFO - There are 0 files in /opt/airflow/dags
[2026-04-09T04:18:56.542+0000] {manager.py:737} INFO - Searching for files in /opt/airflow/dags
[2026-04-09T04:18:56.547+0000] {manager.py:740} INFO - There are 0 files in /opt/airflow/dags
[2026-04-09T04:23:56.555+0000] {manager.py:737} INFO - Searching for files in /opt/airflow/dags
[2026-04-09T04:23:56.559+0000] {manager.py:740} INFO - There are 0 files in /opt/airflow/dags
[2026-04-09T04:28:56.555+0000] {manager.py:737} INFO - Searching for files in /opt/airflow/dags
[2026-04-09T04:28:56.561+0000] {manager.py:740} INFO - There are 0 files in /opt/airflow/dags
[2026-04-09T04:33:57.554+0000] {manager.py:737} INFO - Searching for files in /opt/airflow/dags
[2026-04-09T04:33:57.558+0000] {manager.py:740} INFO - There are 0 files in /opt/airflow/dags
[2026-04-09T04:38:57.554+0000] {manager.py:737} INFO - Searching for files in /opt/airflow/dags
[2026-04-09T04:38:57.559+0000] {manager.py:740} INFO - There are 0 files in /opt/airflow/dags
[2026-04-09T04:43:58.532+0000] {manager.py:737} INFO - Searching for files in /opt/airflow/dags
[2026-04-09T04:43:58.536+0000] {manager.py:740} INFO - There are 0 files in /opt/airflow/dags
[2026-04-09T04:48:58.533+0000] {manager.py:737} INFO - Searching for files in /opt/airflow/dags
[2026-04-09T04:48:58.538+0000] {manager.py:740} INFO - There are 0 files in /opt/airflow/dags
[2026-04-09T04:53:58.541+0000] {manager.py:737} INFO - Searching for files in /opt/airflow/dags
[2026-04-09T04:53:58.546+0000] {manager.py:740} INFO - There are 0 files in /opt/airflow/dags
[2026-04-09T04:58:59.531+0000] {manager.py:737} INFO - Searching for files in /opt/airflow/dags
[2026-04-09T04:58:59.537+0000] {manager.py:740} INFO - There are 0 files in /opt/airflow/dags
[2026-04-09T05:04:00.526+0000] {manager.py:737} INFO - Searching for files in /opt/airflow/dags
[2026-04-09T05:04:00.531+0000] {manager.py:740} INFO - There are 0 files in /opt/airflow/dags
[2026-04-09T05:09:01.525+0000] {manager.py:737} INFO - Searching for files in /opt/airflow/dags
[2026-04-09T05:09:01.531+0000] {manager.py:740} INFO - There are 0 files in /opt/airflow/dags
[2026-04-09T05:14:02.512+0000] {manager.py:737} INFO - Searching for files in /opt/airflow/dags
[2026-04-09T05:14:02.518+0000] {manager.py:740} INFO - There are 0 files in /opt/airflow/dags
[2026-04-09T05:19:03.512+0000] {manager.py:737} INFO - Searching for files in /opt/airflow/dags
[2026-04-09T05:19:03.518+0000] {manager.py:740} INFO - There are 0 files in /opt/airflow/dags
[2026-04-09T05:24:04.513+0000] {manager.py:737} INFO - Searching for files in /opt/airflow/dags
[2026-04-09T05:24:04.518+0000] {manager.py:740} INFO - There are 0 files in /opt/airflow/dags
[2026-04-09T05:29:05.506+0000] {manager.py:737} INFO - Searching for files in /opt/airflow/dags
[2026-04-09T05:29:05.510+0000] {manager.py:740} INFO - There are 0 files in /opt/airflow/dags
[2026-04-09T05:34:06.486+0000] {manager.py:737} INFO - Searching for files in /opt/airflow/dags
[2026-04-09T05:34:06.491+0000] {manager.py:740} INFO - There are 0 files in /opt/airflow/dags
[2026-04-09T05:39:06.487+0000] {manager.py:737} INFO - Searching for files in /opt/airflow/dags
[2026-04-09T05:39:06.491+0000] {manager.py:740} INFO - There are 0 files in /opt/airflow/dags
[2026-04-09T05:44:07.464+0000] {manager.py:737} INFO - Searching for files in /opt/airflow/dags
[2026-04-09T05:44:07.469+0000] {manager.py:740} INFO - There are 0 files in /opt/airflow/dags
[2026-04-09T05:49:08.461+0000] {manager.py:737} INFO - Searching for files in /opt/airflow/dags
[2026-04-09T05:49:08.465+0000] {manager.py:740} INFO - There are 0 files in /opt/airflow/dags
[2026-04-09T05:54:09.448+0000] {manager.py:737} INFO - Searching for files in /opt/airflow/dags
[2026-04-09T05:54:09.452+0000] {manager.py:740} INFO - There are 0 files in /opt/airflow/dags
[2026-04-09T05:59:10.438+0000] {manager.py:737} INFO - Searching for files in /opt/airflow/dags
[2026-04-09T05:59:10.443+0000] {manager.py:740} INFO - There are 0 files in /opt/airflow/dags
[2026-04-09T06:04:11.431+0000] {manager.py:737} INFO - Searching for files in /opt/airflow/dags
[2026-04-09T06:04:11.435+0000] {manager.py:740} INFO - There are 0 files in /opt/airflow/dags
[2026-04-09T06:09:12.430+0000] {manager.py:737} INFO - Searching for files in /opt/airflow/dags
[2026-04-09T06:09:12.434+0000] {manager.py:740} INFO - There are 0 files in /opt/airflow/dags
[2026-04-09T06:14:12.433+0000] {manager.py:737} INFO - Searching for files in /opt/airflow/dags
[2026-04-09T06:14:12.440+0000] {manager.py:740} INFO - There are 0 files in /opt/airflow/dags
[2026-04-09T06:19:13.430+0000] {manager.py:737} INFO - Searching for files in /opt/airflow/dags
[2026-04-09T06:19:13.435+0000] {manager.py:740} INFO - There are 0 files in /opt/airflow/dags
[2026-04-09T06:24:13.434+0000] {manager.py:737} INFO - Searching for files in /opt/airflow/dags
[2026-04-09T06:24:13.438+0000] {manager.py:740} INFO - There are 0 files in /opt/airflow/dags
[2026-04-09T06:29:14.410+0000] {manager.py:737} INFO - Searching for files in /opt/airflow/dags
[2026-04-09T06:29:14.415+0000] {manager.py:740} INFO - There are 0 files in /opt/airflow/dags
[2026-04-09T06:34:15.411+0000] {manager.py:737} INFO - Searching for files in /opt/airflow/dags
[2026-04-09T06:34:15.417+0000] {manager.py:740} INFO - There are 0 files in /opt/airflow/dags
[2026-04-09T06:39:16.405+0000] {manager.py:737} INFO - Searching for files in /opt/airflow/dags
[2026-04-09T06:39:16.410+0000] {manager.py:740} INFO - There are 0 files in /opt/airflow/dags
[2026-04-09T06:44:17.394+0000] {manager.py:737} INFO - Searching for files in /opt/airflow/dags
[2026-04-09T06:44:17.398+0000] {manager.py:740} INFO - There are 0 files in /opt/airflow/dags
[2026-04-09T06:49:18.381+0000] {manager.py:737} INFO - Searching for files in /opt/airflow/dags
[2026-04-09T06:49:18.386+0000] {manager.py:740} INFO - There are 0 files in /opt/airflow/dags
[2026-04-09T06:54:18.384+0000] {manager.py:737} INFO - Searching for files in /opt/airflow/dags
[2026-04-09T06:54:18.390+0000] {manager.py:740} INFO - There are 0 files in /opt/airflow/dags
[2026-04-09T06:59:19.377+0000] {manager.py:737} INFO - Searching for files in /opt/airflow/dags
[2026-04-09T06:59:19.381+0000] {manager.py:740} INFO - There are 0 files in /opt/airflow/dags
[2026-04-09T07:04:20.364+0000] {manager.py:737} INFO - Searching for files in /opt/airflow/dags
[2026-04-09T07:04:20.368+0000] {manager.py:740} INFO - There are 0 files in /opt/airflow/dags
[2026-04-09T07:09:21.353+0000] {manager.py:737} INFO - Searching for files in /opt/airflow/dags
[2026-04-09T07:09:21.358+0000] {manager.py:740} INFO - There are 0 files in /opt/airflow/dags
[2026-04-09T07:14:22.335+0000] {manager.py:737} INFO - Searching for files in /opt/airflow/dags
[2026-04-09T07:14:22.340+0000] {manager.py:740} INFO - There are 0 files in /opt/airflow/dags
[2026-04-09T07:19:23.324+0000] {manager.py:737} INFO - Searching for files in /opt/airflow/dags
[2026-04-09T07:19:23.328+0000] {manager.py:740} INFO - There are 0 files in /opt/airflow/dags
[2026-04-09T07:24:23.325+0000] {manager.py:737} INFO - Searching for files in /opt/airflow/dags
[2026-04-09T07:24:23.330+0000] {manager.py:740} INFO - There are 0 files in /opt/airflow/dags
[2026-04-09T07:29:24.317+0000] {manager.py:737} INFO - Searching for files in /opt/airflow/dags
[2026-04-09T07:29:24.322+0000] {manager.py:740} INFO - There are 0 files in /opt/airflow/dags
[2026-04-09T07:34:25.295+0000] {manager.py:737} INFO - Searching for files in /opt/airflow/dags
[2026-04-09T07:34:25.300+0000] {manager.py:740} INFO - There are 0 files in /opt/airflow/dags
[2026-04-09T07:39:26.282+0000] {manager.py:737} INFO - Searching for files in /opt/airflow/dags
[2026-04-09T07:39:26.288+0000] {manager.py:740} INFO - There are 0 files in /opt/airflow/dags
[2026-04-09T07:44:27.281+0000] {manager.py:737} INFO - Searching for files in /opt/airflow/dags
[2026-04-09T07:44:27.286+0000] {manager.py:740} INFO - There are 0 files in /opt/airflow/dags
[2026-04-09T07:49:28.271+0000] {manager.py:737} INFO - Searching for files in /opt/airflow/dags
[2026-04-09T07:49:28.277+0000] {manager.py:740} INFO - There are 0 files in /opt/airflow/dags
[2026-04-09T07:54:29.265+0000] {manager.py:737} INFO - Searching for files in /opt/airflow/dags
[2026-04-09T07:54:29.269+0000] {manager.py:740} INFO - There are 0 files in /opt/airflow/dags
[2026-04-09T07:59:30.238+0000] {manager.py:737} INFO - Searching for files in /opt/airflow/dags
[2026-04-09T07:59:30.243+0000] {manager.py:740} INFO - There are 0 files in /opt/airflow/dags
[2026-04-09T08:04:31.230+0000] {manager.py:737} INFO - Searching for files in /opt/airflow/dags
[2026-04-09T08:04:31.235+0000] {manager.py:740} INFO - There are 0 files in /opt/airflow/dags
[2026-04-09T08:09:32.203+0000] {manager.py:737} INFO - Searching for files in /opt/airflow/dags
[2026-04-09T08:09:32.207+0000] {manager.py:740} INFO - There are 0 files in /opt/airflow/dags
[2026-04-09T08:14:33.186+0000] {manager.py:737} INFO - Searching for files in /opt/airflow/dags
[2026-04-09T08:14:33.191+0000] {manager.py:740} INFO - There are 0 files in /opt/airflow/dags
[2026-04-09T08:19:34.176+0000] {manager.py:737} INFO - Searching for files in /opt/airflow/dags
[2026-04-09T08:19:34.181+0000] {manager.py:740} INFO - There are 0 files in /opt/airflow/dags
[2026-04-09T08:24:34.186+0000] {manager.py:737} INFO - Searching for files in /opt/airflow/dags
[2026-04-09T08:24:34.191+0000] {manager.py:740} INFO - There are 0 files in /opt/airflow/dags
[2026-04-09T08:29:35.157+0000] {manager.py:737} INFO - Searching for files in /opt/airflow/dags
[2026-04-09T08:29:35.162+0000] {manager.py:740} INFO - There are 0 files in /opt/airflow/dags
[2026-04-09T08:34:35.170+0000] {manager.py:737} INFO - Searching for files in /opt/airflow/dags
[2026-04-09T08:34:35.176+0000] {manager.py:740} INFO - There are 0 files in /opt/airflow/dags
[2026-04-09T08:39:35.174+0000] {manager.py:737} INFO - Searching for files in /opt/airflow/dags
[2026-04-09T08:39:35.178+0000] {manager.py:740} INFO - There are 0 files in /opt/airflow/dags
[2026-04-09T08:44:36.166+0000] {manager.py:737} INFO - Searching for files in /opt/airflow/dags
[2026-04-09T08:44:36.171+0000] {manager.py:740} INFO - There are 0 files in /opt/airflow/dags
[2026-04-09T08:49:36.558+0000] {manager.py:737} INFO - Searching for files in /opt/airflow/dags
[2026-04-09T08:49:36.562+0000] {manager.py:740} INFO - There are 0 files in /opt/airflow/dags
[2026-04-09T08:54:37.557+0000] {manager.py:737} INFO - Searching for files in /opt/airflow/dags
[2026-04-09T08:54:37.562+0000] {manager.py:740} INFO - There are 0 files in /opt/airflow/dags
[2026-04-09T08:59:38.542+0000] {manager.py:737} INFO - Searching for files in /opt/airflow/dags
[2026-04-09T08:59:38.547+0000] {manager.py:740} INFO - There are 0 files in /opt/airflow/dags
[2026-04-09T09:04:39.545+0000] {manager.py:737} INFO - Searching for files in /opt/airflow/dags
[2026-04-09T09:04:39.550+0000] {manager.py:740} INFO - There are 0 files in /opt/airflow/dags
[2026-04-09T09:09:40.535+0000] {manager.py:737} INFO - Searching for files in /opt/airflow/dags
[2026-04-09T09:09:40.541+0000] {manager.py:740} INFO - There are 0 files in /opt/airflow/dags
[2026-04-09T09:14:40.535+0000] {manager.py:737} INFO - Searching for files in /opt/airflow/dags
[2026-04-09T09:14:40.540+0000] {manager.py:740} INFO - There are 0 files in /opt/airflow/dags
[2026-04-09T09:19:41.519+0000] {manager.py:737} INFO - Searching for files in /opt/airflow/dags
[2026-04-09T09:19:41.524+0000] {manager.py:740} INFO - There are 0 files in /opt/airflow/dags
[2026-04-09T09:24:41.532+0000] {manager.py:737} INFO - Searching for files in /opt/airflow/dags
[2026-04-09T09:24:41.537+0000] {manager.py:740} INFO - There are 0 files in /opt/airflow/dags
[2026-04-09T09:29:42.527+0000] {manager.py:737} INFO - Searching for files in /opt/airflow/dags
[2026-04-09T09:29:42.532+0000] {manager.py:740} INFO - There are 0 files in /opt/airflow/dags
[2026-04-09T09:34:42.535+0000] {manager.py:737} INFO - Searching for files in /opt/airflow/dags
[2026-04-09T09:34:42.539+0000] {manager.py:740} INFO - There are 0 files in /opt/airflow/dags
[2026-04-09T09:39:43.515+0000] {manager.py:737} INFO - Searching for files in /opt/airflow/dags
[2026-04-09T09:39:43.520+0000] {manager.py:740} INFO - There are 0 files in /opt/airflow/dags
[2026-04-09T09:44:44.510+0000] {manager.py:737} INFO - Searching for files in /opt/airflow/dags
[2026-04-09T09:44:44.515+0000] {manager.py:740} INFO - There are 0 files in /opt/airflow/dags
[2026-04-09T09:49:44.510+0000] {manager.py:737} INFO - Searching for files in /opt/airflow/dags
[2026-04-09T09:49:44.515+0000] {manager.py:740} INFO - There are 0 files in /opt/airflow/dags
[2026-04-09T09:54:45.512+0000] {manager.py:737} INFO - Searching for files in /opt/airflow/dags
[2026-04-09T09:54:45.518+0000] {manager.py:740} INFO - There are 0 files in /opt/airflow/dags
[2026-04-09T09:59:46.495+0000] {manager.py:737} INFO - Searching for files in /opt/airflow/dags
[2026-04-09T09:59:46.500+0000] {manager.py:740} INFO - There are 0 files in /opt/airflow/dags
[2026-04-09T10:04:47.493+0000] {manager.py:737} INFO - Searching for files in /opt/airflow/dags
[2026-04-09T10:04:47.498+0000] {manager.py:740} INFO - There are 0 files in /opt/airflow/dags
[2026-04-09T10:09:47.497+0000] {manager.py:737} INFO - Searching for files in /opt/airflow/dags
[2026-04-09T10:09:47.503+0000] {manager.py:740} INFO - There are 0 files in /opt/airflow/dags
[2026-04-09T10:14:48.496+0000] {manager.py:737} INFO - Searching for files in /opt/airflow/dags
[2026-04-09T10:14:48.500+0000] {manager.py:740} INFO - There are 0 files in /opt/airflow/dags
[2026-04-09T10:19:49.495+0000] {manager.py:737} INFO - Searching for files in /opt/airflow/dags
[2026-04-09T10:19:49.499+0000] {manager.py:740} INFO - There are 0 files in /opt/airflow/dags
[2026-04-09T10:24:50.476+0000] {manager.py:737} INFO - Searching for files in /opt/airflow/dags
[2026-04-09T10:24:50.481+0000] {manager.py:740} INFO - There are 0 files in /opt/airflow/dags
[2026-04-09T10:29:50.480+0000] {manager.py:737} INFO - Searching for files in /opt/airflow/dags
[2026-04-09T10:29:50.486+0000] {manager.py:740} INFO - There are 0 files in /opt/airflow/dags
[2026-04-09T10:34:51.483+0000] {manager.py:737} INFO - Searching for files in /opt/airflow/dags
[2026-04-09T10:34:51.488+0000] {manager.py:740} INFO - There are 0 files in /opt/airflow/dags
[2026-04-09T10:39:52.485+0000] {manager.py:737} INFO - Searching for files in /opt/airflow/dags
[2026-04-09T10:39:52.489+0000] {manager.py:740} INFO - There are 0 files in /opt/airflow/dags
[2026-04-09T10:44:53.481+0000] {manager.py:737} INFO - Searching for files in /opt/airflow/dags
[2026-04-09T10:44:53.485+0000] {manager.py:740} INFO - There are 0 files in /opt/airflow/dags
[2026-04-09T10:49:54.466+0000] {manager.py:737} INFO - Searching for files in /opt/airflow/dags
[2026-04-09T10:49:54.470+0000] {manager.py:740} INFO - There are 0 files in /opt/airflow/dags
[2026-04-09T10:54:55.464+0000] {manager.py:737} INFO - Searching for files in /opt/airflow/dags
[2026-04-09T10:54:55.469+0000] {manager.py:740} INFO - There are 0 files in /opt/airflow/dags
[2026-04-09T10:59:55.465+0000] {manager.py:737} INFO - Searching for files in /opt/airflow/dags
[2026-04-09T10:59:55.469+0000] {manager.py:740} INFO - There are 0 files in /opt/airflow/dags
[2026-04-09T11:04:56.450+0000] {manager.py:737} INFO - Searching for files in /opt/airflow/dags
[2026-04-09T11:04:56.454+0000] {manager.py:740} INFO - There are 0 files in /opt/airflow/dags
[2026-04-09T11:09:57.447+0000] {manager.py:737} INFO - Searching for files in /opt/airflow/dags
[2026-04-09T11:09:57.452+0000] {manager.py:740} INFO - There are 0 files in /opt/airflow/dags
[2026-04-09T11:14:58.437+0000] {manager.py:737} INFO - Searching for files in /opt/airflow/dags
[2026-04-09T11:14:58.442+0000] {manager.py:740} INFO - There are 0 files in /opt/airflow/dags
[2026-04-09T11:19:59.429+0000] {manager.py:737} INFO - Searching for files in /opt/airflow/dags
[2026-04-09T11:19:59.434+0000] {manager.py:740} INFO - There are 0 files in /opt/airflow/dags
[2026-04-09T11:25:00.430+0000] {manager.py:737} INFO - Searching for files in /opt/airflow/dags
[2026-04-09T11:25:00.434+0000] {manager.py:740} INFO - There are 0 files in /opt/airflow/dags
[2026-04-09T11:30:01.428+0000] {manager.py:737} INFO - Searching for files in /opt/airflow/dags
[2026-04-09T11:30:01.433+0000] {manager.py:740} INFO - There are 0 files in /opt/airflow/dags
[2026-04-09T11:35:02.421+0000] {manager.py:737} INFO - Searching for files in /opt/airflow/dags
[2026-04-09T11:35:02.425+0000] {manager.py:740} INFO - There are 0 files in /opt/airflow/dags
[2026-04-09T11:40:03.398+0000] {manager.py:737} INFO - Searching for files in /opt/airflow/dags
[2026-04-09T11:40:03.403+0000] {manager.py:740} INFO - There are 0 files in /opt/airflow/dags
[2026-04-09T11:45:04.391+0000] {manager.py:737} INFO - Searching for files in /opt/airflow/dags
[2026-04-09T11:45:04.396+0000] {manager.py:740} INFO - There are 0 files in /opt/airflow/dags
[2026-04-09T11:50:05.380+0000] {manager.py:737} INFO - Searching for files in /opt/airflow/dags
[2026-04-09T11:50:05.385+0000] {manager.py:740} INFO - There are 0 files in /opt/airflow/dags
[2026-04-09T11:55:06.375+0000] {manager.py:737} INFO - Searching for files in /opt/airflow/dags
[2026-04-09T11:55:06.380+0000] {manager.py:740} INFO - There are 0 files in /opt/airflow/dags
[2026-04-09T12:00:07.370+0000] {manager.py:737} INFO - Searching for files in /opt/airflow/dags
[2026-04-09T12:00:07.375+0000] {manager.py:740} INFO - There are 0 files in /opt/airflow/dags
[2026-04-09T12:05:08.372+0000] {manager.py:737} INFO - Searching for files in /opt/airflow/dags
[2026-04-09T12:05:08.377+0000] {manager.py:740} INFO - There are 0 files in /opt/airflow/dags
[2026-04-09T12:10:09.354+0000] {manager.py:737} INFO - Searching for files in /opt/airflow/dags
[2026-04-09T12:10:09.358+0000] {manager.py:740} INFO - There are 0 files in /opt/airflow/dags
[2026-04-09T12:15:09.488+0000] {manager.py:737} INFO - Searching for files in /opt/airflow/dags
[2026-04-09T12:15:09.492+0000] {manager.py:740} INFO - There are 0 files in /opt/airflow/dags
[2026-04-09T12:20:10.387+0000] {manager.py:737} INFO - Searching for files in /opt/airflow/dags
[2026-04-09T12:20:10.391+0000] {manager.py:740} INFO - There are 0 files in /opt/airflow/dags
[2026-04-09T12:25:10.388+0000] {manager.py:737} INFO - Searching for files in /opt/airflow/dags
[2026-04-09T12:25:10.393+0000] {manager.py:740} INFO - There are 0 files in /opt/airflow/dags
[2026-04-09T12:30:11.387+0000] {manager.py:737} INFO - Searching for files in /opt/airflow/dags
[2026-04-09T12:30:11.391+0000] {manager.py:740} INFO - There are 0 files in /opt/airflow/dags
[2026-04-09T12:35:12.373+0000] {manager.py:737} INFO - Searching for files in /opt/airflow/dags
[2026-04-09T12:35:12.377+0000] {manager.py:740} INFO - There are 0 files in /opt/airflow/dags
[2026-04-09T12:40:13.363+0000] {manager.py:737} INFO - Searching for files in /opt/airflow/dags
[2026-04-09T12:40:13.368+0000] {manager.py:740} INFO - There are 0 files in /opt/airflow/dags
[2026-04-09T12:45:14.360+0000] {manager.py:737} INFO - Searching for files in /opt/airflow/dags
[2026-04-09T12:45:14.365+0000] {manager.py:740} INFO - There are 0 files in /opt/airflow/dags
[2026-04-09T12:50:15.335+0000] {manager.py:737} INFO - Searching for files in /opt/airflow/dags
[2026-04-09T12:50:15.340+0000] {manager.py:740} INFO - There are 0 files in /opt/airflow/dags
[2026-04-09T12:55:15.337+0000] {manager.py:737} INFO - Searching for files in /opt/airflow/dags
[2026-04-09T12:55:15.345+0000] {manager.py:740} INFO - There are 0 files in /opt/airflow/dags
[2026-04-09T13:00:16.339+0000] {manager.py:737} INFO - Searching for files in /opt/airflow/dags
[2026-04-09T13:00:16.348+0000] {manager.py:740} INFO - There are 0 files in /opt/airflow/dags
[2026-04-09T13:05:17.336+0000] {manager.py:737} INFO - Searching for files in /opt/airflow/dags
[2026-04-09T13:05:17.344+0000] {manager.py:740} INFO - There are 0 files in /opt/airflow/dags
[2026-04-09T13:10:18.330+0000] {manager.py:737} INFO - Searching for files in /opt/airflow/dags
[2026-04-09T13:10:18.338+0000] {manager.py:740} INFO - There are 0 files in /opt/airflow/dags
[2026-04-09T13:15:19.322+0000] {manager.py:737} INFO - Searching for files in /opt/airflow/dags
[2026-04-09T13:15:19.329+0000] {manager.py:740} INFO - There are 0 files in /opt/airflow/dags
[2026-04-09T13:20:19.332+0000] {manager.py:737} INFO - Searching for files in /opt/airflow/dags
[2026-04-09T13:20:19.382+0000] {manager.py:740} INFO - There are 0 files in /opt/airflow/dags
[2026-04-09T13:25:19.473+0000] {manager.py:737} INFO - Searching for files in /opt/airflow/dags
[2026-04-09T13:25:19.483+0000] {manager.py:740} INFO - There are 0 files in /opt/airflow/dags
[2026-04-09T13:30:20.466+0000] {manager.py:737} INFO - Searching for files in /opt/airflow/dags
[2026-04-09T13:30:20.477+0000] {manager.py:740} INFO - There are 0 files in /opt/airflow/dags
[2026-04-09T13:35:21.455+0000] {manager.py:737} INFO - Searching for files in /opt/airflow/dags
[2026-04-09T13:35:21.466+0000] {manager.py:740} INFO - There are 0 files in /opt/airflow/dags
[2026-04-09T13:40:22.454+0000] {manager.py:737} INFO - Searching for files in /opt/airflow/dags
[2026-04-09T13:40:22.461+0000] {manager.py:740} INFO - There are 0 files in /opt/airflow/dags
[2026-04-09T13:45:22.469+0000] {manager.py:737} INFO - Searching for files in /opt/airflow/dags
[2026-04-09T13:45:22.531+0000] {manager.py:740} INFO - There are 0 files in /opt/airflow/dags
[2026-04-09T13:50:22.571+0000] {manager.py:737} INFO - Searching for files in /opt/airflow/dags
[2026-04-09T13:50:22.618+0000] {manager.py:740} INFO - There are 0 files in /opt/airflow/dags
[2026-04-09T13:55:22.716+0000] {manager.py:737} INFO - Searching for files in /opt/airflow/dags
[2026-04-09T13:55:22.743+0000] {manager.py:740} INFO - There are 0 files in /opt/airflow/dags
[2026-04-09T14:00:22.762+0000] {manager.py:737} INFO - Searching for files in /opt/airflow/dags
[2026-04-09T14:00:22.768+0000] {manager.py:740} INFO - There are 0 files in /opt/airflow/dags
[2026-04-09T14:05:23.758+0000] {manager.py:737} INFO - Searching for files in /opt/airflow/dags
[2026-04-09T14:05:23.764+0000] {manager.py:740} INFO - There are 0 files in /opt/airflow/dags
[2026-04-09T14:10:24.750+0000] {manager.py:737} INFO - Searching for files in /opt/airflow/dags
[2026-04-09T14:10:24.756+0000] {manager.py:740} INFO - There are 0 files in /opt/airflow/dags
[2026-04-09T14:15:25.743+0000] {manager.py:737} INFO - Searching for files in /opt/airflow/dags
[2026-04-09T14:15:25.754+0000] {manager.py:740} INFO - There are 0 files in /opt/airflow/dags
[2026-04-09T14:20:26.731+0000] {manager.py:737} INFO - Searching for files in /opt/airflow/dags
[2026-04-09T14:20:26.737+0000] {manager.py:740} INFO - There are 0 files in /opt/airflow/dags
[2026-04-09T14:25:26.770+0000] {manager.py:737} INFO - Searching for files in /opt/airflow/dags
[2026-04-09T14:25:26.776+0000] {manager.py:740} INFO - There are 0 files in /opt/airflow/dags
[2026-04-09T14:30:27.754+0000] {manager.py:737} INFO - Searching for files in /opt/airflow/dags
[2026-04-09T14:30:27.760+0000] {manager.py:740} INFO - There are 0 files in /opt/airflow/dags
[2026-04-09T14:35:28.731+0000] {manager.py:737} INFO - Searching for files in /opt/airflow/dags
[2026-04-09T14:35:28.735+0000] {manager.py:740} INFO - There are 0 files in /opt/airflow/dags
[2026-04-09T14:40:29.722+0000] {manager.py:737} INFO - Searching for files in /opt/airflow/dags
[2026-04-09T14:40:29.728+0000] {manager.py:740} INFO - There are 0 files in /opt/airflow/dags
[2026-04-09T14:45:30.713+0000] {manager.py:737} INFO - Searching for files in /opt/airflow/dags
[2026-04-09T14:45:30.720+0000] {manager.py:740} INFO - There are 0 files in /opt/airflow/dags
[2026-04-09T14:50:31.699+0000] {manager.py:737} INFO - Searching for files in /opt/airflow/dags
[2026-04-09T14:50:31.712+0000] {manager.py:740} INFO - There are 0 files in /opt/airflow/dags
[2026-04-09T14:55:31.757+0000] {manager.py:737} INFO - Searching for files in /opt/airflow/dags
[2026-04-09T14:55:31.764+0000] {manager.py:740} INFO - There are 0 files in /opt/airflow/dags
[2026-04-09T15:00:31.764+0000] {manager.py:737} INFO - Searching for files in /opt/airflow/dags
[2026-04-09T15:00:31.770+0000] {manager.py:740} INFO - There are 0 files in /opt/airflow/dags
[2026-04-09T15:05:32.758+0000] {manager.py:737} INFO - Searching for files in /opt/airflow/dags
[2026-04-09T15:05:32.767+0000] {manager.py:740} INFO - There are 0 files in /opt/airflow/dags
[2026-04-09T15:10:33.745+0000] {manager.py:737} INFO - Searching for files in /opt/airflow/dags
[2026-04-09T15:10:33.751+0000] {manager.py:740} INFO - There are 0 files in /opt/airflow/dags
[2026-04-09T15:15:34.724+0000] {manager.py:737} INFO - Searching for files in /opt/airflow/dags
[2026-04-09T15:15:34.731+0000] {manager.py:740} INFO - There are 0 files in /opt/airflow/dags
[2026-04-09T15:20:34.726+0000] {manager.py:737} INFO - Searching for files in /opt/airflow/dags
[2026-04-09T15:20:34.772+0000] {manager.py:740} INFO - There are 0 files in /opt/airflow/dags
[2026-04-09T15:25:34.767+0000] {manager.py:737} INFO - Searching for files in /opt/airflow/dags
[2026-04-09T15:25:34.905+0000] {manager.py:740} INFO - There are 1 files in /opt/airflow/dags
[2026-04-09T15:25:58.792+0000] {manager.py:878} INFO - 
================================================================================
DAG File Processing Stats

File Path                                PID    Runtime      # DAGs    # Errors  Last Runtime    Last Run
---------------------------------------  -----  ---------  --------  ----------  --------------  -------------------
/opt/airflow/dags/sales_pipeline_dag.py                           1           0  1.25s           2026-04-09T15:25:50
================================================================================
[2026-04-09T15:26:28.900+0000] {manager.py:878} INFO - 
================================================================================
DAG File Processing Stats

File Path                                PID    Runtime      # DAGs    # Errors  Last Runtime    Last Run
---------------------------------------  -----  ---------  --------  ----------  --------------  -------------------
/opt/airflow/dags/sales_pipeline_dag.py                           1           0  0.16s           2026-04-09T15:26:21
================================================================================
[2026-04-09T15:26:59.150+0000] {manager.py:878} INFO - 
================================================================================
DAG File Processing Stats

File Path                                PID    Runtime      # DAGs    # Errors  Last Runtime    Last Run
---------------------------------------  -----  ---------  --------  ----------  --------------  -------------------
/opt/airflow/dags/sales_pipeline_dag.py                           1           0  0.10s           2026-04-09T15:26:51
================================================================================
[2026-04-09T15:27:29.338+0000] {manager.py:878} INFO - 
================================================================================
DAG File Processing Stats

File Path                                PID    Runtime      # DAGs    # Errors  Last Runtime    Last Run
---------------------------------------  -----  ---------  --------  ----------  --------------  -------------------
/opt/airflow/dags/sales_pipeline_dag.py                           1           0  0.13s           2026-04-09T15:27:21
================================================================================
[2026-04-09T15:27:59.515+0000] {manager.py:878} INFO - 
================================================================================
DAG File Processing Stats

File Path                                PID    Runtime      # DAGs    # Errors  Last Runtime    Last Run
---------------------------------------  -----  ---------  --------  ----------  --------------  -------------------
/opt/airflow/dags/sales_pipeline_dag.py                           1           0  0.13s           2026-04-09T15:27:51
================================================================================
[2026-04-09T15:28:29.676+0000] {manager.py:878} INFO - 
================================================================================
DAG File Processing Stats

File Path                                PID    Runtime      # DAGs    # Errors  Last Runtime    Last Run
---------------------------------------  -----  ---------  --------  ----------  --------------  -------------------
/opt/airflow/dags/sales_pipeline_dag.py                           1           0  0.10s           2026-04-09T15:28:21
================================================================================
[2026-04-09T15:28:59.835+0000] {manager.py:878} INFO - 
================================================================================
DAG File Processing Stats

File Path                                PID    Runtime      # DAGs    # Errors  Last Runtime    Last Run
---------------------------------------  -----  ---------  --------  ----------  --------------  -------------------
/opt/airflow/dags/sales_pipeline_dag.py                           1           0  0.11s           2026-04-09T15:28:51
================================================================================
[2026-04-09T15:29:30.009+0000] {manager.py:878} INFO - 
================================================================================
DAG File Processing Stats

File Path                                PID    Runtime      # DAGs    # Errors  Last Runtime    Last Run
---------------------------------------  -----  ---------  --------  ----------  --------------  -------------------
/opt/airflow/dags/sales_pipeline_dag.py                           1           0  0.12s           2026-04-09T15:29:22
================================================================================
[2026-04-09T15:30:00.177+0000] {manager.py:878} INFO - 
================================================================================
DAG File Processing Stats

File Path                                PID    Runtime      # DAGs    # Errors  Last Runtime    Last Run
---------------------------------------  -----  ---------  --------  ----------  --------------  -------------------
/opt/airflow/dags/sales_pipeline_dag.py                           1           0  0.10s           2026-04-09T15:29:52
================================================================================
[2026-04-09T15:30:30.325+0000] {manager.py:878} INFO - 
================================================================================
DAG File Processing Stats

File Path                                PID    Runtime      # DAGs    # Errors  Last Runtime    Last Run
---------------------------------------  -----  ---------  --------  ----------  --------------  -------------------
/opt/airflow/dags/sales_pipeline_dag.py                           1           0  0.10s           2026-04-09T15:30:22
================================================================================
[2026-04-09T15:30:35.344+0000] {manager.py:737} INFO - Searching for files in /opt/airflow/dags
[2026-04-09T15:30:35.360+0000] {manager.py:740} INFO - There are 1 files in /opt/airflow/dags
[2026-04-09T15:31:00.482+0000] {manager.py:878} INFO - 
================================================================================
DAG File Processing Stats

File Path                                PID    Runtime      # DAGs    # Errors  Last Runtime    Last Run
---------------------------------------  -----  ---------  --------  ----------  --------------  -------------------
/opt/airflow/dags/sales_pipeline_dag.py                           1           0  0.10s           2026-04-09T15:30:52
================================================================================
[2026-04-09T15:31:30.653+0000] {manager.py:878} INFO - 
================================================================================
DAG File Processing Stats

File Path                                PID    Runtime      # DAGs    # Errors  Last Runtime    Last Run
---------------------------------------  -----  ---------  --------  ----------  --------------  -------------------
/opt/airflow/dags/sales_pipeline_dag.py                           1           0  0.12s           2026-04-09T15:31:22
================================================================================
[2026-04-09T15:32:00.798+0000] {manager.py:878} INFO - 
================================================================================
DAG File Processing Stats

File Path                                PID    Runtime      # DAGs    # Errors  Last Runtime    Last Run
---------------------------------------  -----  ---------  --------  ----------  --------------  -------------------
/opt/airflow/dags/sales_pipeline_dag.py                           1           0  0.10s           2026-04-09T15:31:52
================================================================================
[2026-04-09T15:32:30.968+0000] {manager.py:878} INFO - 
================================================================================
DAG File Processing Stats

File Path                                PID    Runtime      # DAGs    # Errors  Last Runtime    Last Run
---------------------------------------  -----  ---------  --------  ----------  --------------  -------------------
/opt/airflow/dags/sales_pipeline_dag.py                           1           0  0.10s           2026-04-09T15:32:22
================================================================================
[2026-04-09T15:33:01.101+0000] {manager.py:878} INFO - 
================================================================================
DAG File Processing Stats

File Path                                PID    Runtime      # DAGs    # Errors  Last Runtime    Last Run
---------------------------------------  -----  ---------  --------  ----------  --------------  -------------------
/opt/airflow/dags/sales_pipeline_dag.py                           1           0  0.11s           2026-04-09T15:32:53
================================================================================
[2026-04-09T15:33:31.290+0000] {manager.py:878} INFO - 
================================================================================
DAG File Processing Stats

File Path                                PID    Runtime      # DAGs    # Errors  Last Runtime    Last Run
---------------------------------------  -----  ---------  --------  ----------  --------------  -------------------
/opt/airflow/dags/sales_pipeline_dag.py                           1           0  0.11s           2026-04-09T15:33:23
================================================================================
[2026-04-09T15:34:01.420+0000] {manager.py:878} INFO - 
================================================================================
DAG File Processing Stats

File Path                                PID    Runtime      # DAGs    # Errors  Last Runtime    Last Run
---------------------------------------  -----  ---------  --------  ----------  --------------  -------------------
/opt/airflow/dags/sales_pipeline_dag.py                           1           0  0.10s           2026-04-09T15:33:53
================================================================================
[2026-04-09T15:34:31.601+0000] {manager.py:878} INFO - 
================================================================================
DAG File Processing Stats

File Path                                PID    Runtime      # DAGs    # Errors  Last Runtime    Last Run
---------------------------------------  -----  ---------  --------  ----------  --------------  -------------------
/opt/airflow/dags/sales_pipeline_dag.py                           1           0  0.11s           2026-04-09T15:34:23
================================================================================
[2026-04-09T15:35:01.739+0000] {manager.py:878} INFO - 
================================================================================
DAG File Processing Stats

File Path                                PID    Runtime      # DAGs    # Errors  Last Runtime    Last Run
---------------------------------------  -----  ---------  --------  ----------  --------------  -------------------
/opt/airflow/dags/sales_pipeline_dag.py                           1           0  0.12s           2026-04-09T15:34:53
================================================================================
[2026-04-09T15:35:31.926+0000] {manager.py:878} INFO - 
================================================================================
DAG File Processing Stats

File Path                                PID    Runtime      # DAGs    # Errors  Last Runtime    Last Run
---------------------------------------  -----  ---------  --------  ----------  --------------  -------------------
/opt/airflow/dags/sales_pipeline_dag.py                           1           0  0.11s           2026-04-09T15:35:23
================================================================================
[2026-04-09T15:35:35.942+0000] {manager.py:737} INFO - Searching for files in /opt/airflow/dags
[2026-04-09T15:35:35.955+0000] {manager.py:740} INFO - There are 1 files in /opt/airflow/dags
[2026-04-09T15:36:02.085+0000] {manager.py:878} INFO - 
================================================================================
DAG File Processing Stats

File Path                                PID    Runtime      # DAGs    # Errors  Last Runtime    Last Run
---------------------------------------  -----  ---------  --------  ----------  --------------  -------------------
/opt/airflow/dags/sales_pipeline_dag.py                           1           0  0.12s           2026-04-09T15:35:54
================================================================================
[2026-04-09T15:36:32.276+0000] {manager.py:878} INFO - 
================================================================================
DAG File Processing Stats

File Path                                PID    Runtime      # DAGs    # Errors  Last Runtime    Last Run
---------------------------------------  -----  ---------  --------  ----------  --------------  -------------------
/opt/airflow/dags/sales_pipeline_dag.py                           1           0  0.12s           2026-04-09T15:36:24
================================================================================
[2026-04-09T15:37:02.416+0000] {manager.py:878} INFO - 
================================================================================
DAG File Processing Stats

File Path                                PID    Runtime      # DAGs    # Errors  Last Runtime    Last Run
---------------------------------------  -----  ---------  --------  ----------  --------------  -------------------
/opt/airflow/dags/sales_pipeline_dag.py                           1           0  0.11s           2026-04-09T15:36:54
================================================================================
[2026-04-09T15:37:32.597+0000] {manager.py:878} INFO - 
================================================================================
DAG File Processing Stats

File Path                                PID    Runtime      # DAGs    # Errors  Last Runtime    Last Run
---------------------------------------  -----  ---------  --------  ----------  --------------  -------------------
/opt/airflow/dags/sales_pipeline_dag.py                           1           0  0.13s           2026-04-09T15:37:24
================================================================================
[2026-04-09T15:38:02.749+0000] {manager.py:878} INFO - 
================================================================================
DAG File Processing Stats

File Path                                PID    Runtime      # DAGs    # Errors  Last Runtime    Last Run
---------------------------------------  -----  ---------  --------  ----------  --------------  -------------------
/opt/airflow/dags/sales_pipeline_dag.py                           1           0  0.11s           2026-04-09T15:37:54
================================================================================
[2026-04-09T15:38:32.926+0000] {manager.py:878} INFO - 
================================================================================
DAG File Processing Stats

File Path                                PID    Runtime      # DAGs    # Errors  Last Runtime    Last Run
---------------------------------------  -----  ---------  --------  ----------  --------------  -------------------
/opt/airflow/dags/sales_pipeline_dag.py                           1           0  0.12s           2026-04-09T15:38:24
================================================================================
[2026-04-09T15:39:03.099+0000] {manager.py:878} INFO - 
================================================================================
DAG File Processing Stats

File Path                                PID    Runtime      # DAGs    # Errors  Last Runtime    Last Run
---------------------------------------  -----  ---------  --------  ----------  --------------  -------------------
/opt/airflow/dags/sales_pipeline_dag.py                           1           0  0.11s           2026-04-09T15:38:55
================================================================================
[2026-04-09T15:39:33.247+0000] {manager.py:878} INFO - 
================================================================================
DAG File Processing Stats

File Path                                PID    Runtime      # DAGs    # Errors  Last Runtime    Last Run
---------------------------------------  -----  ---------  --------  ----------  --------------  -------------------
/opt/airflow/dags/sales_pipeline_dag.py                           1           0  0.11s           2026-04-09T15:39:25
================================================================================
[2026-04-09T15:40:03.418+0000] {manager.py:878} INFO - 
================================================================================
DAG File Processing Stats

File Path                                PID    Runtime      # DAGs    # Errors  Last Runtime    Last Run
---------------------------------------  -----  ---------  --------  ----------  --------------  -------------------
/opt/airflow/dags/sales_pipeline_dag.py                           1           0  0.10s           2026-04-09T15:39:55
================================================================================
[2026-04-09T15:40:33.554+0000] {manager.py:878} INFO - 
================================================================================
DAG File Processing Stats

File Path                                PID    Runtime      # DAGs    # Errors  Last Runtime    Last Run
---------------------------------------  -----  ---------  --------  ----------  --------------  -------------------
/opt/airflow/dags/sales_pipeline_dag.py                           1           0  0.11s           2026-04-09T15:40:25
================================================================================
[2026-04-09T15:40:36.565+0000] {manager.py:737} INFO - Searching for files in /opt/airflow/dags
[2026-04-09T15:40:36.581+0000] {manager.py:740} INFO - There are 1 files in /opt/airflow/dags
[2026-04-09T15:41:03.738+0000] {manager.py:878} INFO - 
================================================================================
DAG File Processing Stats

File Path                                PID    Runtime      # DAGs    # Errors  Last Runtime    Last Run
---------------------------------------  -----  ---------  --------  ----------  --------------  -------------------
/opt/airflow/dags/sales_pipeline_dag.py                           1           0  0.11s           2026-04-09T15:40:55
================================================================================
[2026-04-09T15:41:33.905+0000] {manager.py:878} INFO - 
================================================================================
DAG File Processing Stats

File Path                                PID    Runtime      # DAGs    # Errors  Last Runtime    Last Run
---------------------------------------  -----  ---------  --------  ----------  --------------  -------------------
/opt/airflow/dags/sales_pipeline_dag.py                           1           0  0.10s           2026-04-09T15:41:25
================================================================================
[2026-04-09T15:42:04.035+0000] {manager.py:878} INFO - 
================================================================================
DAG File Processing Stats

File Path                                PID    Runtime      # DAGs    # Errors  Last Runtime    Last Run
---------------------------------------  -----  ---------  --------  ----------  --------------  -------------------
/opt/airflow/dags/sales_pipeline_dag.py                           1           0  0.10s           2026-04-09T15:41:56
================================================================================
[2026-04-09T15:42:34.212+0000] {manager.py:878} INFO - 
================================================================================
DAG File Processing Stats

File Path                                PID    Runtime      # DAGs    # Errors  Last Runtime    Last Run
---------------------------------------  -----  ---------  --------  ----------  --------------  -------------------
/opt/airflow/dags/sales_pipeline_dag.py                           1           0  0.12s           2026-04-09T15:42:26
================================================================================
[2026-04-09T15:43:04.366+0000] {manager.py:878} INFO - 
================================================================================
DAG File Processing Stats

File Path                                PID    Runtime      # DAGs    # Errors  Last Runtime    Last Run
---------------------------------------  -----  ---------  --------  ----------  --------------  -------------------
/opt/airflow/dags/sales_pipeline_dag.py                           1           0  0.11s           2026-04-09T15:42:56
================================================================================
[2026-04-09T15:43:34.532+0000] {manager.py:878} INFO - 
================================================================================
DAG File Processing Stats

File Path                                PID    Runtime      # DAGs    # Errors  Last Runtime    Last Run
---------------------------------------  -----  ---------  --------  ----------  --------------  -------------------
/opt/airflow/dags/sales_pipeline_dag.py                           1           0  0.11s           2026-04-09T15:43:26
================================================================================
[2026-04-09T15:44:04.677+0000] {manager.py:878} INFO - 
================================================================================
DAG File Processing Stats

File Path                                PID    Runtime      # DAGs    # Errors  Last Runtime    Last Run
---------------------------------------  -----  ---------  --------  ----------  --------------  -------------------
/opt/airflow/dags/sales_pipeline_dag.py                           1           0  0.11s           2026-04-09T15:43:56
================================================================================
[2026-04-09T15:44:34.865+0000] {manager.py:878} INFO - 
================================================================================
DAG File Processing Stats

File Path                                PID    Runtime      # DAGs    # Errors  Last Runtime    Last Run
---------------------------------------  -----  ---------  --------  ----------  --------------  -------------------
/opt/airflow/dags/sales_pipeline_dag.py                           1           0  0.11s           2026-04-09T15:44:26
================================================================================
[2026-04-09T15:45:05.000+0000] {manager.py:878} INFO - 
================================================================================
DAG File Processing Stats

File Path                                PID    Runtime      # DAGs    # Errors  Last Runtime    Last Run
---------------------------------------  -----  ---------  --------  ----------  --------------  -------------------
/opt/airflow/dags/sales_pipeline_dag.py                           1           0  0.12s           2026-04-09T15:44:57
================================================================================
[2026-04-09T15:45:35.194+0000] {manager.py:878} INFO - 
================================================================================
DAG File Processing Stats

File Path                                PID    Runtime      # DAGs    # Errors  Last Runtime    Last Run
---------------------------------------  -----  ---------  --------  ----------  --------------  -------------------
/opt/airflow/dags/sales_pipeline_dag.py                           1           0  0.11s           2026-04-09T15:45:27
================================================================================
[2026-04-09T15:45:37.202+0000] {manager.py:737} INFO - Searching for files in /opt/airflow/dags
[2026-04-09T15:45:37.218+0000] {manager.py:740} INFO - There are 1 files in /opt/airflow/dags
[2026-04-09T15:46:05.360+0000] {manager.py:878} INFO - 
================================================================================
DAG File Processing Stats

File Path                                PID    Runtime      # DAGs    # Errors  Last Runtime    Last Run
---------------------------------------  -----  ---------  --------  ----------  --------------  -------------------
/opt/airflow/dags/sales_pipeline_dag.py                           1           0  0.12s           2026-04-09T15:45:57
================================================================================
[2026-04-09T15:46:35.543+0000] {manager.py:878} INFO - 
================================================================================
DAG File Processing Stats

File Path                                PID    Runtime      # DAGs    # Errors  Last Runtime    Last Run
---------------------------------------  -----  ---------  --------  ----------  --------------  -------------------
/opt/airflow/dags/sales_pipeline_dag.py                           1           0  0.10s           2026-04-09T15:46:27
================================================================================
[2026-04-09T15:47:05.672+0000] {manager.py:878} INFO - 
================================================================================
DAG File Processing Stats

File Path                                PID    Runtime      # DAGs    # Errors  Last Runtime    Last Run
---------------------------------------  -----  ---------  --------  ----------  --------------  -------------------
/opt/airflow/dags/sales_pipeline_dag.py                           1           0  0.10s           2026-04-09T15:46:57
================================================================================
[2026-04-09T15:47:35.859+0000] {manager.py:878} INFO - 
================================================================================
DAG File Processing Stats

File Path                                PID    Runtime      # DAGs    # Errors  Last Runtime    Last Run
---------------------------------------  -----  ---------  --------  ----------  --------------  -------------------
/opt/airflow/dags/sales_pipeline_dag.py                           1           0  0.11s           2026-04-09T15:47:27
================================================================================
[2026-04-09T15:48:05.996+0000] {manager.py:878} INFO - 
================================================================================
DAG File Processing Stats

File Path                                PID    Runtime      # DAGs    # Errors  Last Runtime    Last Run
---------------------------------------  -----  ---------  --------  ----------  --------------  -------------------
/opt/airflow/dags/sales_pipeline_dag.py                           1           0  0.10s           2026-04-09T15:47:58
================================================================================
[2026-04-09T15:48:36.172+0000] {manager.py:878} INFO - 
================================================================================
DAG File Processing Stats

File Path                                PID    Runtime      # DAGs    # Errors  Last Runtime    Last Run
---------------------------------------  -----  ---------  --------  ----------  --------------  -------------------
/opt/airflow/dags/sales_pipeline_dag.py                           1           0  0.10s           2026-04-09T15:48:28
================================================================================
