[2026-04-09T15:31:43.582+0000] {local_task_job_runner.py:120} INFO - ::group::Pre task execution logs
[2026-04-09T15:31:43.623+0000] {taskinstance.py:2073} INFO - Dependencies all met for dep_context=non-requeueable deps ti=<TaskInstance: sales_pipeline_complete.dbt_silver scheduled__2026-04-08T00:00:00+00:00 [queued]>
[2026-04-09T15:31:43.630+0000] {taskinstance.py:2073} INFO - Dependencies all met for dep_context=requeueable deps ti=<TaskInstance: sales_pipeline_complete.dbt_silver scheduled__2026-04-08T00:00:00+00:00 [queued]>
[2026-04-09T15:31:43.630+0000] {taskinstance.py:2303} INFO - Starting attempt 2 of 3
[2026-04-09T15:31:43.639+0000] {taskinstance.py:2327} INFO - Executing <Task(BashOperator): dbt_silver> on 2026-04-08 00:00:00+00:00
[2026-04-09T15:31:43.646+0000] {standard_task_runner.py:90} INFO - Running: ['***', 'tasks', 'run', 'sales_pipeline_complete', 'dbt_silver', 'scheduled__2026-04-08T00:00:00+00:00', '--job-id', '6', '--raw', '--subdir', 'DAGS_FOLDER/sales_pipeline_dag.py', '--cfg-path', '/tmp/tmpq6uccau8']
[2026-04-09T15:31:43.649+0000] {standard_task_runner.py:91} INFO - Job 6: Subtask dbt_silver
[2026-04-09T15:31:43.650+0000] {logging_mixin.py:188} WARNING - /home/***/.local/lib/python3.12/site-packages/***/task/task_runner/standard_task_runner.py:61 DeprecationWarning: This process (pid=243) is multi-threaded, use of fork() may lead to deadlocks in the child.
[2026-04-09T15:31:43.650+0000] {standard_task_runner.py:63} INFO - Started process 244 to run task
[2026-04-09T15:31:43.709+0000] {task_command.py:426} INFO - Running <TaskInstance: sales_pipeline_complete.dbt_silver scheduled__2026-04-08T00:00:00+00:00 [running]> on host 00ff0cf2a205
[2026-04-09T15:31:43.773+0000] {taskinstance.py:2644} INFO - Exporting env vars: AIRFLOW_CTX_DAG_OWNER='walmir' AIRFLOW_CTX_DAG_ID='sales_pipeline_complete' AIRFLOW_CTX_TASK_ID='dbt_silver' AIRFLOW_CTX_EXECUTION_DATE='2026-04-08T00:00:00+00:00' AIRFLOW_CTX_TRY_NUMBER='2' AIRFLOW_CTX_DAG_RUN_ID='scheduled__2026-04-08T00:00:00+00:00'
[2026-04-09T15:31:43.774+0000] {taskinstance.py:430} INFO - ::endgroup::
[2026-04-09T15:31:43.786+0000] {subprocess.py:63} INFO - Tmp dir root location: /tmp
[2026-04-09T15:31:43.787+0000] {subprocess.py:75} INFO - Running command: ['/usr/bin/bash', '-c', 'cd D:/MEUS_PROJETOS/sales-pipeline && dbt run --select silver']
[2026-04-09T15:31:43.799+0000] {subprocess.py:86} INFO - Output:
[2026-04-09T15:31:43.806+0000] {subprocess.py:93} INFO - /usr/bin/bash: line 1: cd: D:/MEUS_PROJETOS/sales-pipeline: No such file or directory
[2026-04-09T15:31:43.808+0000] {subprocess.py:97} INFO - Command exited with return code 1
[2026-04-09T15:31:43.809+0000] {taskinstance.py:441} INFO - ::group::Post task execution logs
[2026-04-09T15:31:43.819+0000] {taskinstance.py:2890} ERROR - Task failed with exception
Traceback (most recent call last):
  File "/home/airflow/.local/lib/python3.12/site-packages/airflow/models/taskinstance.py", line 465, in _execute_task
    result = _execute_callable(context=context, **execute_callable_kwargs)
             ^^^^^^^^^^^^^^^^^^^^^^^^^^^^^^^^^^^^^^^^^^^^^^^^^^^^^^^^^^^^^
  File "/home/airflow/.local/lib/python3.12/site-packages/airflow/models/taskinstance.py", line 432, in _execute_callable
    return execute_callable(context=context, **execute_callable_kwargs)
           ^^^^^^^^^^^^^^^^^^^^^^^^^^^^^^^^^^^^^^^^^^^^^^^^^^^^^^^^^^^^
  File "/home/airflow/.local/lib/python3.12/site-packages/airflow/models/baseoperator.py", line 400, in wrapper
    return func(self, *args, **kwargs)
           ^^^^^^^^^^^^^^^^^^^^^^^^^^^
  File "/home/airflow/.local/lib/python3.12/site-packages/airflow/operators/bash.py", line 243, in execute
    raise AirflowException(
airflow.exceptions.AirflowException: Bash command failed. The command returned a non-zero exit code 1.
[2026-04-09T15:31:43.824+0000] {taskinstance.py:1205} INFO - Marking task as UP_FOR_RETRY. dag_id=sales_pipeline_complete, task_id=dbt_silver, execution_date=20260408T000000, start_date=20260409T153143, end_date=20260409T153143
[2026-04-09T15:31:43.832+0000] {standard_task_runner.py:110} ERROR - Failed to execute job 6 for task dbt_silver (Bash command failed. The command returned a non-zero exit code 1.; 244)
[2026-04-09T15:31:43.864+0000] {local_task_job_runner.py:240} INFO - Task exited with return code 1
[2026-04-09T15:31:43.880+0000] {taskinstance.py:3482} INFO - 0 downstream tasks scheduled from follow-on schedule check
[2026-04-09T15:31:43.882+0000] {local_task_job_runner.py:222} INFO - ::endgroup::
